<?xml version="1.0" encoding="UTF-8"?>
<testng-results ignored="0" total="1" passed="1" failed="0" skipped="0">
  <reporter-output>
    <line>
      <![CDATA[selenium]]>
    </line>
  </reporter-output>
  <suite started-at="2021-11-22T18:35:23 IST" name="Suite" finished-at="2021-11-22T18:35:23 IST" duration-ms="27">
    <groups>
    </groups>
    <test started-at="2021-11-22T18:35:23 IST" name="Test" finished-at="2021-11-22T18:35:23 IST" duration-ms="27">
      <class name="TestScripts.Testcase1">
        <test-method signature="tc1()[pri:0, instance:TestScripts.Testcase1@101952da]" started-at="2021-11-22T18:35:23 IST" name="tc1" finished-at="2021-11-22T18:35:23 IST" duration-ms="5" status="PASS">
          <reporter-output>
            <line>
              <![CDATA[selenium]]>
            </line>
          </reporter-output>
        </test-method> <!-- tc1 -->
      </class> <!-- TestScripts.Testcase1 -->
    </test> <!-- Test -->
  </suite> <!-- Suite -->
</testng-results>
